<?xml version="1.0" encoding="UTF-8"?>
<testsuite xmlns:xsi="http://www.w3.org/2001/XMLSchema-instance" xsi:noNamespaceSchemaLocation="https://maven.apache.org/surefire/maven-surefire-plugin/xsd/surefire-test-report-3.0.xsd" version="3.0" name="wumpus.wumpusz.WUMPUSZTest" time="0.73" tests="10" errors="0" skipped="0" failures="0">
  <properties>
[...]
</properties>
  <testcase name="testMegadottErtek3" classname="wumpus.wumpusz.WUMPUSZTest" time="0.592">
    <system-out><![CDATA[02:05:42.590 [main] INFO  wumpus.wumpusz.WUMPUSZ - Starting WUMPUSZ...
Add meg a felhasználóneved!
Kérem adja meg a pálya méretét!
Üdv username
WUMPUSZ
Válassz a következő opciók közül:
1 Pályaszerkesztő
2 Játék
3 Kilépés
Válassz a következő opciók közül:
1 Pályaszerkesztő
2 Játék
3 Kilépés
Viszlát!
]]></system-out>
  </testcase>
  <testcase name="testLovesNyugatFalra" classname="wumpus.wumpusz.WUMPUSZTest" time="0.006"/>
  <testcase name="testLovesEsakWumpuszra" classname="wumpus.wumpusz.WUMPUSZTest" time="0.012">
    <system-out><![CDATA[02:05:42.647 [main] INFO  wumpus.wumpusz.WUMPUSZ - Starting WUMPUSZ...
Add meg a felhasználóneved!
Kérem adja meg a pálya méretét!
Üdv username
WUMPUSZ
Válassz a következő opciók közül:
1 Pályaszerkesztő
2 Játék
3 Kilépés
Válassz a következő opciók közül:
1 Pályaszerkesztő
2 Játék
3 Kilépés
Viszlát!
]]></system-out>
  </testcase>
  <testcase name="testMainExitOption" classname="wumpus.wumpusz.WUMPUSZTest" time="0.004">
    <system-out><![CDATA[02:05:42.657 [main] INFO  wumpus.wumpusz.WUMPUSZ - Starting WUMPUSZ...
Add meg a felhasználóneved!
Kérem adja meg a pálya méretét!
Üdv username
WUMPUSZ
Válassz a következő opciók közül:
1 Pályaszerkesztő
2 Játék
3 Kilépés
Viszlát!
]]></system-out>
  </testcase>
  <testcase name="testPalyaSzerkesztoOption3" classname="wumpus.wumpusz.WUMPUSZTest" time="0.005">
    <system-out><![CDATA[02:05:42.665 [main] INFO  wumpus.wumpusz.WUMPUSZ - Starting WUMPUSZ...
Add meg a felhasználóneved!
Kérem adja meg a pálya méretét!
Üdv username
WUMPUSZ
Válassz a következő opciók közül:
1 Pályaszerkesztő
2 Játék
3 Kilépés
Viszlát!
]]></system-out>
  </testcase>
  <testcase name="testVeremLehelyezesOption1" classname="wumpus.wumpusz.WUMPUSZTest" time="0.004">
    <system-out><![CDATA[02:05:42.672 [main] INFO  wumpus.wumpusz.WUMPUSZ - Starting WUMPUSZ...
Add meg a felhasználóneved!
Kérem adja meg a pálya méretét!
Üdv username
WUMPUSZ
Válassz a következő opciók közül:
1 Pályaszerkesztő
2 Játék
3 Kilépés
Viszlát!
]]></system-out>
  </testcase>
  <testcase name="testVeremLehelyezesOption2" classname="wumpus.wumpusz.WUMPUSZTest" time="0.004">
    <system-out><![CDATA[02:05:42.679 [main] INFO  wumpus.wumpusz.WUMPUSZ - Starting WUMPUSZ...
Add meg a felhasználóneved!
Kérem adja meg a pálya méretét!
Üdv username
WUMPUSZ
Válassz a következő opciók közül:
1 Pályaszerkesztő
2 Játék
3 Kilépés
Viszlát!
]]></system-out>
  </testcase>
  <testcase name="testVeremLehelyezesOption3" classname="wumpus.wumpusz.WUMPUSZTest" time="0.012">
    <system-out><![CDATA[02:05:42.687 [main] INFO  wumpus.wumpusz.WUMPUSZ - Starting WUMPUSZ...
Add meg a felhasználóneved!
Kérem adja meg a pálya méretét!
Üdv username
WUMPUSZ
Válassz a következő opciók közül:
1 Pályaszerkesztő
2 Játék
3 Kilépés
Viszlát!
]]></system-out>
  </testcase>
  <testcase name="testLovesKeletFalra" classname="wumpus.wumpusz.WUMPUSZTest" time="0.004"/>
  <testcase name="testLovesDélFalra" classname="wumpus.wumpusz.WUMPUSZTest" time="0.003"/>
</testsuite>